2024-01-15 09:29:02,486 [Worker-0: Loading available Gradle versions] INFO  o.e.b.c.i.u.g.PublishedGradleVersions - Gradle version information cache is up-to-date. Trying to read.
2024-01-15 09:29:52,087 [Worker-11: Building] INFO  o.e.m.c.i.l.LifecycleMappingFactory - Using org.eclipse.m2e.jdt.JarLifecycleMapping lifecycle mapping for MavenProject: HibernateCrudDemo:HibernateCrudDemo:0.0.1-SNAPSHOT @ C:\Users\IET\Desktop\Akshay_Bhushan\Java Servlet\HibCrud\HibernateCrudDemo\pom.xml.
2024-01-15 09:29:55,712 [Worker-11: Building] WARN  o.e.m.c.i.embedder.EclipseLogger - Using platform encoding (Cp1252 actually) to copy filtered resources, i.e. build is platform dependent!
2024-01-15 09:29:55,737 [Worker-11: Building] INFO  o.e.m.c.i.embedder.EclipseLogger - Copying 1 resource
2024-01-15 09:29:55,751 [Worker-11: Building] WARN  o.e.m.c.i.embedder.EclipseLogger - Using platform encoding (Cp1252 actually) to copy filtered resources, i.e. build is platform dependent!
2024-01-15 09:29:55,752 [Worker-11: Building] INFO  o.e.m.c.i.embedder.EclipseLogger - skip non existing resourceDirectory C:\Users\IET\Desktop\Akshay_Bhushan\Java Servlet\HibCrud\HibernateCrudDemo\src\test\resources
2024-01-15 09:31:19,715 [Worker-10: Building] WARN  o.e.m.c.i.embedder.EclipseLogger - Using platform encoding (Cp1252 actually) to copy filtered resources, i.e. build is platform dependent!
2024-01-15 09:31:19,731 [Worker-10: Building] INFO  o.e.m.c.i.embedder.EclipseLogger - Copying 0 resource
2024-01-15 09:31:19,736 [Worker-10: Building] WARN  o.e.m.c.i.embedder.EclipseLogger - Using platform encoding (Cp1252 actually) to copy filtered resources, i.e. build is platform dependent!
2024-01-15 09:31:19,737 [Worker-10: Building] INFO  o.e.m.c.i.embedder.EclipseLogger - skip non existing resourceDirectory C:\Users\IET\Desktop\Akshay_Bhushan\Java Servlet\HibCrud\HibernateCrudDemo\src\test\resources
2024-01-15 09:32:47,650 [Worker-13: Building] WARN  o.e.m.c.i.embedder.EclipseLogger - Using platform encoding (Cp1252 actually) to copy filtered resources, i.e. build is platform dependent!
2024-01-15 09:32:47,652 [Worker-13: Building] INFO  o.e.m.c.i.embedder.EclipseLogger - Copying 2 resources
2024-01-15 09:32:47,676 [Worker-13: Building] WARN  o.e.m.c.i.embedder.EclipseLogger - Using platform encoding (Cp1252 actually) to copy filtered resources, i.e. build is platform dependent!
2024-01-15 09:32:47,677 [Worker-13: Building] INFO  o.e.m.c.i.embedder.EclipseLogger - skip non existing resourceDirectory C:\Users\IET\Desktop\Akshay_Bhushan\Java Servlet\HibCrud\HibernateCrudDemo\src\test\resources
2024-01-15 09:33:18,774 [Worker-2: Building] INFO  o.e.m.c.i.l.LifecycleMappingFactory - Using org.eclipse.m2e.jdt.JarLifecycleMapping lifecycle mapping for MavenProject: HibernateCrudDemo:HibernateCrudDemo:0.0.1-SNAPSHOT @ C:\Users\IET\Desktop\Akshay_Bhushan\Java Servlet\HibCrud\HibernateCrudDemo\pom.xml.
2024-01-15 09:33:19,023 [Worker-2: Building] WARN  o.e.m.c.i.embedder.EclipseLogger - Using platform encoding (Cp1252 actually) to copy filtered resources, i.e. build is platform dependent!
2024-01-15 09:33:19,025 [Worker-2: Building] INFO  o.e.m.c.i.embedder.EclipseLogger - Copying 0 resource
2024-01-15 09:33:19,030 [Worker-2: Building] WARN  o.e.m.c.i.embedder.EclipseLogger - Using platform encoding (Cp1252 actually) to copy filtered resources, i.e. build is platform dependent!
2024-01-15 09:33:19,031 [Worker-2: Building] INFO  o.e.m.c.i.embedder.EclipseLogger - skip non existing resourceDirectory C:\Users\IET\Desktop\Akshay_Bhushan\Java Servlet\HibCrud\HibernateCrudDemo\src\test\resources
2024-01-15 09:33:26,598 [main] INFO  o.e.m2e.actions.ExecutePomAction - Creating new launch configuration
2024-01-15 09:33:30,633 [Worker-4: Launching HibernateCrudDemo] INFO  o.eclipse.m2e.core.internal.Bundles - getClasspathEntries(Bundle=org.eclipse.m2e.maven.runtime_3.8.701.20230209-1606 [610])
2024-01-15 09:33:30,665 [Worker-4: Launching HibernateCrudDemo] INFO  o.eclipse.m2e.core.internal.Bundles - 	Entry: C:\Users\IET\Desktop\eclipse-jee-2023-03-R-win32-x86_64\eclipse\plugins\org.eclipse.m2e.maven.runtime_3.8.701.20230209-1606
2024-01-15 09:33:30,666 [Worker-4: Launching HibernateCrudDemo] INFO  o.eclipse.m2e.core.internal.Bundles - 	Entry: C:\Users\IET\Desktop\eclipse-jee-2023-03-R-win32-x86_64\eclipse\plugins\org.eclipse.m2e.maven.runtime_3.8.701.20230209-1606\jars\aether-connector-okhttp-0.17.8.jar
2024-01-15 09:33:30,666 [Worker-4: Launching HibernateCrudDemo] INFO  o.eclipse.m2e.core.internal.Bundles - 	Entry: C:\Users\IET\Desktop\eclipse-jee-2023-03-R-win32-x86_64\eclipse\plugins\org.eclipse.m2e.maven.runtime_3.8.701.20230209-1606\jars\commons-lang3-3.8.1.jar
2024-01-15 09:33:30,667 [Worker-4: Launching HibernateCrudDemo] INFO  o.eclipse.m2e.core.internal.Bundles - 	Entry: C:\Users\IET\Desktop\eclipse-jee-2023-03-R-win32-x86_64\eclipse\plugins\org.eclipse.m2e.maven.runtime_3.8.701.20230209-1606\jars\guice-4.2.2-no_aop.jar
2024-01-15 09:33:30,667 [Worker-4: Launching HibernateCrudDemo] INFO  o.eclipse.m2e.core.internal.Bundles - 	Entry: C:\Users\IET\Desktop\eclipse-jee-2023-03-R-win32-x86_64\eclipse\plugins\org.eclipse.m2e.maven.runtime_3.8.701.20230209-1606\jars\jansi-2.4.0.jar
2024-01-15 09:33:30,667 [Worker-4: Launching HibernateCrudDemo] INFO  o.eclipse.m2e.core.internal.Bundles - 	Entry: C:\Users\IET\Desktop\eclipse-jee-2023-03-R-win32-x86_64\eclipse\plugins\org.eclipse.m2e.maven.runtime_3.8.701.20230209-1606\jars\maven-artifact-3.8.7.jar
2024-01-15 09:33:30,668 [Worker-4: Launching HibernateCrudDemo] INFO  o.eclipse.m2e.core.internal.Bundles - 	Entry: C:\Users\IET\Desktop\eclipse-jee-2023-03-R-win32-x86_64\eclipse\plugins\org.eclipse.m2e.maven.runtime_3.8.701.20230209-1606\jars\maven-builder-support-3.8.7.jar
2024-01-15 09:33:30,668 [Worker-4: Launching HibernateCrudDemo] INFO  o.eclipse.m2e.core.internal.Bundles - 	Entry: C:\Users\IET\Desktop\eclipse-jee-2023-03-R-win32-x86_64\eclipse\plugins\org.eclipse.m2e.maven.runtime_3.8.701.20230209-1606\jars\maven-compat-3.8.7.jar
2024-01-15 09:33:30,668 [Worker-4: Launching HibernateCrudDemo] INFO  o.eclipse.m2e.core.internal.Bundles - 	Entry: C:\Users\IET\Desktop\eclipse-jee-2023-03-R-win32-x86_64\eclipse\plugins\org.eclipse.m2e.maven.runtime_3.8.701.20230209-1606\jars\maven-core-3.8.7.jar
2024-01-15 09:33:30,668 [Worker-4: Launching HibernateCrudDemo] INFO  o.eclipse.m2e.core.internal.Bundles - 	Entry: C:\Users\IET\Desktop\eclipse-jee-2023-03-R-win32-x86_64\eclipse\plugins\org.eclipse.m2e.maven.runtime_3.8.701.20230209-1606\jars\maven-embedder-3.8.7.jar
2024-01-15 09:33:30,669 [Worker-4: Launching HibernateCrudDemo] INFO  o.eclipse.m2e.core.internal.Bundles - 	Entry: C:\Users\IET\Desktop\eclipse-jee-2023-03-R-win32-x86_64\eclipse\plugins\org.eclipse.m2e.maven.runtime_3.8.701.20230209-1606\jars\maven-model-3.8.7.jar
2024-01-15 09:33:30,669 [Worker-4: Launching HibernateCrudDemo] INFO  o.eclipse.m2e.core.internal.Bundles - 	Entry: C:\Users\IET\Desktop\eclipse-jee-2023-03-R-win32-x86_64\eclipse\plugins\org.eclipse.m2e.maven.runtime_3.8.701.20230209-1606\jars\maven-model-builder-3.8.7.jar
2024-01-15 09:33:30,669 [Worker-4: Launching HibernateCrudDemo] INFO  o.eclipse.m2e.core.internal.Bundles - 	Entry: C:\Users\IET\Desktop\eclipse-jee-2023-03-R-win32-x86_64\eclipse\plugins\org.eclipse.m2e.maven.runtime_3.8.701.20230209-1606\jars\maven-plugin-api-3.8.7.jar
2024-01-15 09:33:30,669 [Worker-4: Launching HibernateCrudDemo] INFO  o.eclipse.m2e.core.internal.Bundles - 	Entry: C:\Users\IET\Desktop\eclipse-jee-2023-03-R-win32-x86_64\eclipse\plugins\org.eclipse.m2e.maven.runtime_3.8.701.20230209-1606\jars\maven-repository-metadata-3.8.7.jar
2024-01-15 09:33:30,670 [Worker-4: Launching HibernateCrudDemo] INFO  o.eclipse.m2e.core.internal.Bundles - 	Entry: C:\Users\IET\Desktop\eclipse-jee-2023-03-R-win32-x86_64\eclipse\plugins\org.eclipse.m2e.maven.runtime_3.8.701.20230209-1606\jars\maven-resolver-api-1.6.3.jar
2024-01-15 09:33:30,670 [Worker-4: Launching HibernateCrudDemo] INFO  o.eclipse.m2e.core.internal.Bundles - 	Entry: C:\Users\IET\Desktop\eclipse-jee-2023-03-R-win32-x86_64\eclipse\plugins\org.eclipse.m2e.maven.runtime_3.8.701.20230209-1606\jars\maven-resolver-connector-basic-1.6.3.jar
2024-01-15 09:33:30,670 [Worker-4: Launching HibernateCrudDemo] INFO  o.eclipse.m2e.core.internal.Bundles - 	Entry: C:\Users\IET\Desktop\eclipse-jee-2023-03-R-win32-x86_64\eclipse\plugins\org.eclipse.m2e.maven.runtime_3.8.701.20230209-1606\jars\maven-resolver-impl-1.6.3.jar
2024-01-15 09:33:30,670 [Worker-4: Launching HibernateCrudDemo] INFO  o.eclipse.m2e.core.internal.Bundles - 	Entry: C:\Users\IET\Desktop\eclipse-jee-2023-03-R-win32-x86_64\eclipse\plugins\org.eclipse.m2e.maven.runtime_3.8.701.20230209-1606\jars\maven-resolver-provider-3.8.7.jar
2024-01-15 09:33:30,670 [Worker-4: Launching HibernateCrudDemo] INFO  o.eclipse.m2e.core.internal.Bundles - 	Entry: C:\Users\IET\Desktop\eclipse-jee-2023-03-R-win32-x86_64\eclipse\plugins\org.eclipse.m2e.maven.runtime_3.8.701.20230209-1606\jars\maven-resolver-spi-1.6.3.jar
2024-01-15 09:33:30,671 [Worker-4: Launching HibernateCrudDemo] INFO  o.eclipse.m2e.core.internal.Bundles - 	Entry: C:\Users\IET\Desktop\eclipse-jee-2023-03-R-win32-x86_64\eclipse\plugins\org.eclipse.m2e.maven.runtime_3.8.701.20230209-1606\jars\maven-resolver-transport-wagon-1.6.3.jar
2024-01-15 09:33:30,671 [Worker-4: Launching HibernateCrudDemo] INFO  o.eclipse.m2e.core.internal.Bundles - 	Entry: C:\Users\IET\Desktop\eclipse-jee-2023-03-R-win32-x86_64\eclipse\plugins\org.eclipse.m2e.maven.runtime_3.8.701.20230209-1606\jars\maven-resolver-util-1.6.3.jar
2024-01-15 09:33:30,671 [Worker-4: Launching HibernateCrudDemo] INFO  o.eclipse.m2e.core.internal.Bundles - 	Entry: C:\Users\IET\Desktop\eclipse-jee-2023-03-R-win32-x86_64\eclipse\plugins\org.eclipse.m2e.maven.runtime_3.8.701.20230209-1606\jars\maven-settings-3.8.7.jar
2024-01-15 09:33:30,671 [Worker-4: Launching HibernateCrudDemo] INFO  o.eclipse.m2e.core.internal.Bundles - 	Entry: C:\Users\IET\Desktop\eclipse-jee-2023-03-R-win32-x86_64\eclipse\plugins\org.eclipse.m2e.maven.runtime_3.8.701.20230209-1606\jars\maven-settings-builder-3.8.7.jar
2024-01-15 09:33:30,671 [Worker-4: Launching HibernateCrudDemo] INFO  o.eclipse.m2e.core.internal.Bundles - 	Entry: C:\Users\IET\Desktop\eclipse-jee-2023-03-R-win32-x86_64\eclipse\plugins\org.eclipse.m2e.maven.runtime_3.8.701.20230209-1606\jars\maven-shared-utils-3.3.4.jar
2024-01-15 09:33:30,672 [Worker-4: Launching HibernateCrudDemo] INFO  o.eclipse.m2e.core.internal.Bundles - 	Entry: C:\Users\IET\Desktop\eclipse-jee-2023-03-R-win32-x86_64\eclipse\plugins\org.eclipse.m2e.maven.runtime_3.8.701.20230209-1606\jars\okhttp-3.14.1.jar
2024-01-15 09:33:30,672 [Worker-4: Launching HibernateCrudDemo] INFO  o.eclipse.m2e.core.internal.Bundles - 	Entry: C:\Users\IET\Desktop\eclipse-jee-2023-03-R-win32-x86_64\eclipse\plugins\org.eclipse.m2e.maven.runtime_3.8.701.20230209-1606\jars\okio-1.17.3.jar
2024-01-15 09:33:30,672 [Worker-4: Launching HibernateCrudDemo] INFO  o.eclipse.m2e.core.internal.Bundles - 	Entry: C:\Users\IET\Desktop\eclipse-jee-2023-03-R-win32-x86_64\eclipse\plugins\org.eclipse.m2e.maven.runtime_3.8.701.20230209-1606\jars\org.eclipse.sisu.inject-0.3.5.jar
2024-01-15 09:33:30,672 [Worker-4: Launching HibernateCrudDemo] INFO  o.eclipse.m2e.core.internal.Bundles - 	Entry: C:\Users\IET\Desktop\eclipse-jee-2023-03-R-win32-x86_64\eclipse\plugins\org.eclipse.m2e.maven.runtime_3.8.701.20230209-1606\jars\org.eclipse.sisu.plexus-0.3.5.jar
2024-01-15 09:33:30,673 [Worker-4: Launching HibernateCrudDemo] INFO  o.eclipse.m2e.core.internal.Bundles - 	Entry: C:\Users\IET\Desktop\eclipse-jee-2023-03-R-win32-x86_64\eclipse\plugins\org.eclipse.m2e.maven.runtime_3.8.701.20230209-1606\jars\plexus-build-api-0.0.7.jar
2024-01-15 09:33:30,673 [Worker-4: Launching HibernateCrudDemo] INFO  o.eclipse.m2e.core.internal.Bundles - 	Entry: C:\Users\IET\Desktop\eclipse-jee-2023-03-R-win32-x86_64\eclipse\plugins\org.eclipse.m2e.maven.runtime_3.8.701.20230209-1606\jars\plexus-cipher-2.0.jar
2024-01-15 09:33:30,673 [Worker-4: Launching HibernateCrudDemo] INFO  o.eclipse.m2e.core.internal.Bundles - 	Entry: C:\Users\IET\Desktop\eclipse-jee-2023-03-R-win32-x86_64\eclipse\plugins\org.eclipse.m2e.maven.runtime_3.8.701.20230209-1606\jars\plexus-classworlds-2.6.0.jar
2024-01-15 09:33:30,673 [Worker-4: Launching HibernateCrudDemo] INFO  o.eclipse.m2e.core.internal.Bundles - 	Entry: C:\Users\IET\Desktop\eclipse-jee-2023-03-R-win32-x86_64\eclipse\plugins\org.eclipse.m2e.maven.runtime_3.8.701.20230209-1606\jars\plexus-component-annotations-2.1.0.jar
2024-01-15 09:33:30,674 [Worker-4: Launching HibernateCrudDemo] INFO  o.eclipse.m2e.core.internal.Bundles - 	Entry: C:\Users\IET\Desktop\eclipse-jee-2023-03-R-win32-x86_64\eclipse\plugins\org.eclipse.m2e.maven.runtime_3.8.701.20230209-1606\jars\plexus-interpolation-1.26.jar
2024-01-15 09:33:30,674 [Worker-4: Launching HibernateCrudDemo] INFO  o.eclipse.m2e.core.internal.Bundles - 	Entry: C:\Users\IET\Desktop\eclipse-jee-2023-03-R-win32-x86_64\eclipse\plugins\org.eclipse.m2e.maven.runtime_3.8.701.20230209-1606\jars\plexus-sec-dispatcher-2.0.jar
2024-01-15 09:33:30,674 [Worker-4: Launching HibernateCrudDemo] INFO  o.eclipse.m2e.core.internal.Bundles - 	Entry: C:\Users\IET\Desktop\eclipse-jee-2023-03-R-win32-x86_64\eclipse\plugins\org.eclipse.m2e.maven.runtime_3.8.701.20230209-1606\jars\plexus-utils-3.3.1.jar
2024-01-15 09:33:30,674 [Worker-4: Launching HibernateCrudDemo] INFO  o.eclipse.m2e.core.internal.Bundles - 	Entry: C:\Users\IET\Desktop\eclipse-jee-2023-03-R-win32-x86_64\eclipse\plugins\org.eclipse.m2e.maven.runtime_3.8.701.20230209-1606\jars\wagon-file-3.5.3.jar
2024-01-15 09:33:30,674 [Worker-4: Launching HibernateCrudDemo] INFO  o.eclipse.m2e.core.internal.Bundles - 	Entry: C:\Users\IET\Desktop\eclipse-jee-2023-03-R-win32-x86_64\eclipse\plugins\org.eclipse.m2e.maven.runtime_3.8.701.20230209-1606\jars\wagon-provider-api-3.5.3.jar
2024-01-15 09:33:30,677 [Worker-4: Launching HibernateCrudDemo] INFO  o.eclipse.m2e.core.internal.Bundles - getClasspathEntries(Bundle=com.google.guava_31.1.0.jre [11])
2024-01-15 09:33:30,679 [Worker-4: Launching HibernateCrudDemo] INFO  o.eclipse.m2e.core.internal.Bundles - 	Entry: C:\Users\IET\Desktop\eclipse-jee-2023-03-R-win32-x86_64\eclipse\plugins\com.google.guava_31.1.0.jre.jar
2024-01-15 09:33:30,679 [Worker-4: Launching HibernateCrudDemo] INFO  o.eclipse.m2e.core.internal.Bundles - getClasspathEntries(Bundle=slf4j.api_1.7.36 [924])
2024-01-15 09:33:30,680 [Worker-4: Launching HibernateCrudDemo] INFO  o.eclipse.m2e.core.internal.Bundles - 	Entry: C:\Users\IET\Desktop\eclipse-jee-2023-03-R-win32-x86_64\eclipse\plugins\slf4j.api_1.7.36.jar
2024-01-15 09:33:30,680 [Worker-4: Launching HibernateCrudDemo] INFO  o.eclipse.m2e.core.internal.Bundles - getClasspathEntries(Bundle=javax.inject_1.0.0.v20220405-0441 [35])
2024-01-15 09:33:30,681 [Worker-4: Launching HibernateCrudDemo] INFO  o.eclipse.m2e.core.internal.Bundles - 	Entry: C:\Users\IET\Desktop\eclipse-jee-2023-03-R-win32-x86_64\eclipse\plugins\javax.inject_1.0.0.v20220405-0441.jar
2024-01-15 09:33:30,682 [Worker-4: Launching HibernateCrudDemo] INFO  o.eclipse.m2e.core.internal.Bundles - getClasspathEntries(Bundle=javax.annotation_1.3.5.v20221203-1659 [33])
2024-01-15 09:33:30,683 [Worker-4: Launching HibernateCrudDemo] INFO  o.eclipse.m2e.core.internal.Bundles - 	Entry: C:\Users\IET\Desktop\eclipse-jee-2023-03-R-win32-x86_64\eclipse\plugins\javax.annotation_1.3.5.v20221203-1659.jar
2024-01-15 09:33:30,683 [Worker-4: Launching HibernateCrudDemo] INFO  o.eclipse.m2e.core.internal.Bundles - getClasspathEntries(Bundle=org.apache.commons.cli_1.4.0.v20221112-0806 [67])
2024-01-15 09:33:30,694 [Worker-4: Launching HibernateCrudDemo] INFO  o.eclipse.m2e.core.internal.Bundles - 	Entry: C:\Users\IET\Desktop\eclipse-jee-2023-03-R-win32-x86_64\eclipse\plugins\org.apache.commons.cli_1.4.0.v20221112-0806.jar
2024-01-15 09:33:30,695 [Worker-4: Launching HibernateCrudDemo] INFO  o.eclipse.m2e.core.internal.Bundles - getClasspathEntries(Bundle=com.google.guava.failureaccess_1.0.1 [13])
2024-01-15 09:33:30,696 [Worker-4: Launching HibernateCrudDemo] INFO  o.eclipse.m2e.core.internal.Bundles - 	Entry: C:\Users\IET\Desktop\eclipse-jee-2023-03-R-win32-x86_64\eclipse\plugins\com.google.guava.failureaccess_1.0.1.jar
2024-01-15 09:33:30,700 [Worker-4: Launching HibernateCrudDemo] INFO  o.e.m.i.launch.MavenLaunchDelegate - Run build in "C:\Users\IET\Desktop\Akshay_Bhushan\Java Servlet\HibCrud\HibernateCrudDemo":
2024-01-15 09:33:30,716 [Worker-4: Launching HibernateCrudDemo] INFO  o.e.m.i.launch.MavenLaunchDelegate -  mvn  -B -Dstyle.color=always install
